[     928ms] [INFO] %cDownload the React DevTools for a better development experience: https://react.dev/link/react-devtools font-weight:bold @ http://localhost:5173/node_modules/.vite/deps/react-dom_client.js?v=def8fafc:20102
[    1000ms] [ERROR] Failed to load resource: the server responded with a status of 404 (Not Found) @ http://localhost:5173/favicon.ico:0
[    1057ms] [LOG] %cDocumentation: %chttps://mswjs.io/docs font-weight:bold font-weight:normal @ http://localhost:5173/node_modules/.vite/deps/msw_browser.js?v=ac71558b:3428
[    1057ms] [LOG] Found an issue? https://github.com/mswjs/msw/issues @ http://localhost:5173/node_modules/.vite/deps/msw_browser.js?v=ac71558b:3433
[    1057ms] [LOG] Worker script URL: http://localhost:5173/mockServiceWorker.js @ http://localhost:5173/node_modules/.vite/deps/msw_browser.js?v=ac71558b:3434
[    1057ms] [LOG] Worker scope: http://localhost:5173/ @ http://localhost:5173/node_modules/.vite/deps/msw_browser.js?v=ac71558b:3435
[    1057ms] [LOG] Client ID: %s (%s) 4870f87d-2568-4d20-9ec6-796d20c87001 top-level @ http://localhost:5173/node_modules/.vite/deps/msw_browser.js?v=ac71558b:3437
[    1057ms] [LOG] [MSW] Mocking enabled successfully @ http://localhost:5173/src/main.tsx:12
[    1179ms] [VERBOSE] [DOM] Input elements should have autocomplete attributes (suggested: "current-password"): (More info: https://goo.gl/9p2vKq) %o @ http://localhost:5173/:0
[   33991ms] [LOG] Request {url: URL, method: GET, headers: Object, body: } @ http://localhost:5173/node_modules/.vite/deps/msw.js?v=5a1fff0e:561
[   33991ms] [LOG] Handler: HttpHandler @ http://localhost:5173/node_modules/.vite/deps/msw.js?v=5a1fff0e:562
[   33991ms] [LOG] Response {status: 200, statusText: OK, headers: Object, body: {"code":0,"data":[{"label":"数据表总数","value":"12,847…减少 5 项","color":"from-amber-500 to-orange-500"}]}} @ http://localhost:5173/node_modules/.vite/deps/msw.js?v=5a1fff0e:563
[   33992ms] [LOG] Request {url: URL, method: GET, headers: Object, body: } @ http://localhost:5173/node_modules/.vite/deps/msw.js?v=5a1fff0e:561
[   33992ms] [LOG] Handler: HttpHandler @ http://localhost:5173/node_modules/.vite/deps/msw.js?v=5a1fff0e:562
[   33992ms] [LOG] Response {status: 200, statusText: OK, headers: Object, body: {"code":0,"data":[{"name":"dwd_user_behavior_log",…ds","owner":"张三","updated":"5 小时","quality":96}]}} @ http://localhost:5173/node_modules/.vite/deps/msw.js?v=5a1fff0e:563
[   33992ms] [LOG] Request {url: URL, method: GET, headers: Object, body: } @ http://localhost:5173/node_modules/.vite/deps/msw.js?v=5a1fff0e:561
[   33992ms] [LOG] Handler: HttpHandler @ http://localhost:5173/node_modules/.vite/deps/msw.js?v=5a1fff0e:562
[   33992ms] [LOG] Response {status: 200, statusText: OK, headers: Object, body: {"code":0,"data":[{"month":"7 ","score":86.2,"tabl…":"1 ","score":94.6,"tables":12847,"alerts":12}]}} @ http://localhost:5173/node_modules/.vite/deps/msw.js?v=5a1fff0e:563
[   33992ms] [LOG] Request {url: URL, method: GET, headers: Object, body: } @ http://localhost:5173/node_modules/.vite/deps/msw.js?v=5a1fff0e:561
[   33992ms] [LOG] Handler: HttpHandler @ http://localhost:5173/node_modules/.vite/deps/msw.js?v=5a1fff0e:562
[   33993ms] [LOG] Response {status: 200, statusText: OK, headers: Object, body: {"code":0,"data":[{"name":"每日数据质量巡检","status":"run…ogress":0,"nextRun":"今日 04:00","duration":"等待"}]}} @ http://localhost:5173/node_modules/.vite/deps/msw.js?v=5a1fff0e:563
[   33993ms] [LOG] Request {url: URL, method: GET, headers: Object, body: } @ http://localhost:5173/node_modules/.vite/deps/msw.js?v=5a1fff0e:561
[   33993ms] [LOG] Handler: HttpHandler @ http://localhost:5173/node_modules/.vite/deps/msw.js?v=5a1fff0e:562
[   33993ms] [LOG] Response {status: 200, statusText: OK, headers: Object, body: {"code":0,"data":[{"label":"数据表总数","value":"12,847…减少 5 项","color":"from-amber-500 to-orange-500"}]}} @ http://localhost:5173/node_modules/.vite/deps/msw.js?v=5a1fff0e:563
[   33993ms] [LOG] Request {url: URL, method: GET, headers: Object, body: } @ http://localhost:5173/node_modules/.vite/deps/msw.js?v=5a1fff0e:561
[   33993ms] [LOG] Handler: HttpHandler @ http://localhost:5173/node_modules/.vite/deps/msw.js?v=5a1fff0e:562
[   33993ms] [LOG] Response {status: 200, statusText: OK, headers: Object, body: {"code":0,"data":[{"name":"dwd_user_behavior_log",…ds","owner":"张三","updated":"5 小时","quality":96}]}} @ http://localhost:5173/node_modules/.vite/deps/msw.js?v=5a1fff0e:563
[   33993ms] [LOG] Request {url: URL, method: GET, headers: Object, body: } @ http://localhost:5173/node_modules/.vite/deps/msw.js?v=5a1fff0e:561
[   33993ms] [LOG] Handler: HttpHandler @ http://localhost:5173/node_modules/.vite/deps/msw.js?v=5a1fff0e:562
[   33993ms] [LOG] Response {status: 200, statusText: OK, headers: Object, body: {"code":0,"data":[{"month":"7 ","score":86.2,"tabl…":"1 ","score":94.6,"tables":12847,"alerts":12}]}} @ http://localhost:5173/node_modules/.vite/deps/msw.js?v=5a1fff0e:563
[   33994ms] [LOG] Request {url: URL, method: GET, headers: Object, body: } @ http://localhost:5173/node_modules/.vite/deps/msw.js?v=5a1fff0e:561
[   33994ms] [LOG] Handler: HttpHandler @ http://localhost:5173/node_modules/.vite/deps/msw.js?v=5a1fff0e:562
[   33994ms] [LOG] Response {status: 200, statusText: OK, headers: Object, body: {"code":0,"data":[{"name":"每日数据质量巡检","status":"run…ogress":0,"nextRun":"今日 04:00","duration":"等待"}]}} @ http://localhost:5173/node_modules/.vite/deps/msw.js?v=5a1fff0e:563
[   63647ms] [LOG] Request {url: URL, method: GET, headers: Object, body: } @ http://localhost:5173/node_modules/.vite/deps/msw.js?v=5a1fff0e:561
[   63647ms] [LOG] Handler: HttpHandler @ http://localhost:5173/node_modules/.vite/deps/msw.js?v=5a1fff0e:562
[   63647ms] [LOG] Response {status: 200, statusText: OK, headers: Object, body: {"code":0,"data":[{"id":"folder-1","name":"数据清洗","…:"default"},"updateTime":"2026-04-19 10:05:00"}]}} @ http://localhost:5173/node_modules/.vite/deps/msw.js?v=5a1fff0e:563
[   63648ms] [LOG] Request {url: URL, method: GET, headers: Object, body: } @ http://localhost:5173/node_modules/.vite/deps/msw.js?v=5a1fff0e:561
[   63648ms] [LOG] Handler: HttpHandler @ http://localhost:5173/node_modules/.vite/deps/msw.js?v=5a1fff0e:562
[   63648ms] [LOG] Response {status: 200, statusText: OK, headers: Object, body: {"code":0,"data":[{"id":"ds-001","name":"prod_orde…iption":"商品搜索与日志检索聚合集群","tags":["全文检索","倒排索引"]}]}} @ http://localhost:5173/node_modules/.vite/deps/msw.js?v=5a1fff0e:563
[   63648ms] [LOG] Request {url: URL, method: GET, headers: Object, body: } @ http://localhost:5173/node_modules/.vite/deps/msw.js?v=5a1fff0e:561
[   63648ms] [LOG] Handler: HttpHandler @ http://localhost:5173/node_modules/.vite/deps/msw.js?v=5a1fff0e:562
[   63648ms] [LOG] Response {status: 200, statusText: OK, headers: Object, body: {"code":0,"data":[{"id":"folder-1","name":"数据清洗","…:"default"},"updateTime":"2026-04-19 10:05:00"}]}} @ http://localhost:5173/node_modules/.vite/deps/msw.js?v=5a1fff0e:563
[   63648ms] [LOG] Request {url: URL, method: GET, headers: Object, body: } @ http://localhost:5173/node_modules/.vite/deps/msw.js?v=5a1fff0e:561
[   63648ms] [LOG] Handler: HttpHandler @ http://localhost:5173/node_modules/.vite/deps/msw.js?v=5a1fff0e:562
[   63648ms] [LOG] Response {status: 200, statusText: OK, headers: Object, body: {"code":0,"data":[{"id":"ds-001","name":"prod_orde…iption":"商品搜索与日志检索聚合集群","tags":["全文检索","倒排索引"]}]}} @ http://localhost:5173/node_modules/.vite/deps/msw.js?v=5a1fff0e:563
[  143927ms] [LOG] Request {url: URL, method: POST, headers: Object, body: {"name":"新建MySQL脚本","type":"sql","content":"","dataSourceConfig":{}}} @ http://localhost:5173/node_modules/.vite/deps/msw.js?v=5a1fff0e:561
[  143927ms] [LOG] Handler: HttpHandler @ http://localhost:5173/node_modules/.vite/deps/msw.js?v=5a1fff0e:562
[  143927ms] [LOG] Response {status: 200, statusText: OK, headers: Object, body: {"code":0,"data":{"name":"新建MySQL脚本","type":"sql",…sion":1,"updateTime":"2026-05-09T09:59:14.589Z"}}} @ http://localhost:5173/node_modules/.vite/deps/msw.js?v=5a1fff0e:563
[  143931ms] [LOG] Request {url: URL, method: GET, headers: Object, body: } @ http://localhost:5173/node_modules/.vite/deps/msw.js?v=5a1fff0e:561
[  143931ms] [LOG] Handler: HttpHandler @ http://localhost:5173/node_modules/.vite/deps/msw.js?v=5a1fff0e:562
[  143931ms] [LOG] Response {status: 200, statusText: OK, headers: Object, body: {"code":0,"data":[{"id":"folder-1","name":"数据清洗","…ion":1,"updateTime":"2026-05-09T09:59:14.589Z"}]}} @ http://localhost:5173/node_modules/.vite/deps/msw.js?v=5a1fff0e:563
[  554180ms] [INFO] %cDownload the React DevTools for a better development experience: https://react.dev/link/react-devtools font-weight:bold @ http://localhost:5173/node_modules/.vite/deps/react-dom_client.js?v=def8fafc:20102
[  554401ms] [LOG] %cDocumentation: %chttps://mswjs.io/docs font-weight:bold font-weight:normal @ http://localhost:5173/node_modules/.vite/deps/msw_browser.js?v=ac71558b:3428
[  554401ms] [LOG] Found an issue? https://github.com/mswjs/msw/issues @ http://localhost:5173/node_modules/.vite/deps/msw_browser.js?v=ac71558b:3433
[  554402ms] [LOG] Worker script URL: http://localhost:5173/mockServiceWorker.js @ http://localhost:5173/node_modules/.vite/deps/msw_browser.js?v=ac71558b:3434
[  554402ms] [LOG] Worker scope: http://localhost:5173/ @ http://localhost:5173/node_modules/.vite/deps/msw_browser.js?v=ac71558b:3435
[  554402ms] [LOG] Client ID: %s (%s) a6f0e4f9-f0a6-40f0-b6ce-3ab5a13bf673 top-level @ http://localhost:5173/node_modules/.vite/deps/msw_browser.js?v=ac71558b:3437
[  554402ms] [LOG] [MSW] Mocking enabled successfully @ http://localhost:5173/src/main.tsx:12
[  554527ms] [VERBOSE] [DOM] Input elements should have autocomplete attributes (suggested: "current-password"): (More info: https://goo.gl/9p2vKq) %o @ http://localhost:5173/:0
[  662405ms] [INFO] %cDownload the React DevTools for a better development experience: https://react.dev/link/react-devtools font-weight:bold @ http://localhost:5173/node_modules/.vite/deps/react-dom_client.js?v=def8fafc:20102
[  662538ms] [LOG] %cDocumentation: %chttps://mswjs.io/docs font-weight:bold font-weight:normal @ http://localhost:5173/node_modules/.vite/deps/msw_browser.js?v=ac71558b:3428
[  662538ms] [LOG] Found an issue? https://github.com/mswjs/msw/issues @ http://localhost:5173/node_modules/.vite/deps/msw_browser.js?v=ac71558b:3433
[  662538ms] [LOG] Worker script URL: http://localhost:5173/mockServiceWorker.js @ http://localhost:5173/node_modules/.vite/deps/msw_browser.js?v=ac71558b:3434
[  662538ms] [LOG] Worker scope: http://localhost:5173/ @ http://localhost:5173/node_modules/.vite/deps/msw_browser.js?v=ac71558b:3435
[  662538ms] [LOG] Client ID: %s (%s) 46a0f71e-5728-48ab-aa27-aa97b91a280c top-level @ http://localhost:5173/node_modules/.vite/deps/msw_browser.js?v=ac71558b:3437
[  662538ms] [LOG] [MSW] Mocking enabled successfully @ http://localhost:5173/src/main.tsx:12
[  662658ms] [VERBOSE] [DOM] Input elements should have autocomplete attributes (suggested: "current-password"): (More info: https://goo.gl/9p2vKq) %o @ http://localhost:5173/:0
[  700585ms] [LOG] Request {url: URL, method: GET, headers: Object, body: } @ http://localhost:5173/node_modules/.vite/deps/msw.js?v=5a1fff0e:561
[  700585ms] [LOG] Handler: HttpHandler @ http://localhost:5173/node_modules/.vite/deps/msw.js?v=5a1fff0e:562
[  700585ms] [LOG] Response {status: 200, statusText: OK, headers: Object, body: {"code":0,"data":[{"label":"数据表总数","value":"12,847…减少 5 项","color":"from-amber-500 to-orange-500"}]}} @ http://localhost:5173/node_modules/.vite/deps/msw.js?v=5a1fff0e:563
[  700585ms] [LOG] Request {url: URL, method: GET, headers: Object, body: } @ http://localhost:5173/node_modules/.vite/deps/msw.js?v=5a1fff0e:561
[  700585ms] [LOG] Handler: HttpHandler @ http://localhost:5173/node_modules/.vite/deps/msw.js?v=5a1fff0e:562
[  700585ms] [LOG] Response {status: 200, statusText: OK, headers: Object, body: {"code":0,"data":[{"name":"dwd_user_behavior_log",…ds","owner":"张三","updated":"5 小时","quality":96}]}} @ http://localhost:5173/node_modules/.vite/deps/msw.js?v=5a1fff0e:563
[  700586ms] [LOG] Request {url: URL, method: GET, headers: Object, body: } @ http://localhost:5173/node_modules/.vite/deps/msw.js?v=5a1fff0e:561
[  700586ms] [LOG] Handler: HttpHandler @ http://localhost:5173/node_modules/.vite/deps/msw.js?v=5a1fff0e:562
[  700586ms] [LOG] Response {status: 200, statusText: OK, headers: Object, body: {"code":0,"data":[{"month":"7 ","score":86.2,"tabl…":"1 ","score":94.6,"tables":12847,"alerts":12}]}} @ http://localhost:5173/node_modules/.vite/deps/msw.js?v=5a1fff0e:563
[  700587ms] [LOG] Request {url: URL, method: GET, headers: Object, body: } @ http://localhost:5173/node_modules/.vite/deps/msw.js?v=5a1fff0e:561
[  700587ms] [LOG] Handler: HttpHandler @ http://localhost:5173/node_modules/.vite/deps/msw.js?v=5a1fff0e:562
[  700587ms] [LOG] Response {status: 200, statusText: OK, headers: Object, body: {"code":0,"data":[{"name":"每日数据质量巡检","status":"run…ogress":0,"nextRun":"今日 04:00","duration":"等待"}]}} @ http://localhost:5173/node_modules/.vite/deps/msw.js?v=5a1fff0e:563
[  700587ms] [LOG] Request {url: URL, method: GET, headers: Object, body: } @ http://localhost:5173/node_modules/.vite/deps/msw.js?v=5a1fff0e:561
[  700587ms] [LOG] Handler: HttpHandler @ http://localhost:5173/node_modules/.vite/deps/msw.js?v=5a1fff0e:562
[  700587ms] [LOG] Response {status: 200, statusText: OK, headers: Object, body: {"code":0,"data":[{"label":"数据表总数","value":"12,847…减少 5 项","color":"from-amber-500 to-orange-500"}]}} @ http://localhost:5173/node_modules/.vite/deps/msw.js?v=5a1fff0e:563
[  700587ms] [LOG] Request {url: URL, method: GET, headers: Object, body: } @ http://localhost:5173/node_modules/.vite/deps/msw.js?v=5a1fff0e:561
[  700587ms] [LOG] Handler: HttpHandler @ http://localhost:5173/node_modules/.vite/deps/msw.js?v=5a1fff0e:562
[  700587ms] [LOG] Response {status: 200, statusText: OK, headers: Object, body: {"code":0,"data":[{"name":"dwd_user_behavior_log",…ds","owner":"张三","updated":"5 小时","quality":96}]}} @ http://localhost:5173/node_modules/.vite/deps/msw.js?v=5a1fff0e:563
[  700587ms] [LOG] Request {url: URL, method: GET, headers: Object, body: } @ http://localhost:5173/node_modules/.vite/deps/msw.js?v=5a1fff0e:561
[  700587ms] [LOG] Handler: HttpHandler @ http://localhost:5173/node_modules/.vite/deps/msw.js?v=5a1fff0e:562
[  700588ms] [LOG] Response {status: 200, statusText: OK, headers: Object, body: {"code":0,"data":[{"month":"7 ","score":86.2,"tabl…":"1 ","score":94.6,"tables":12847,"alerts":12}]}} @ http://localhost:5173/node_modules/.vite/deps/msw.js?v=5a1fff0e:563
[  700588ms] [LOG] Request {url: URL, method: GET, headers: Object, body: } @ http://localhost:5173/node_modules/.vite/deps/msw.js?v=5a1fff0e:561
[  700588ms] [LOG] Handler: HttpHandler @ http://localhost:5173/node_modules/.vite/deps/msw.js?v=5a1fff0e:562
[  700588ms] [LOG] Response {status: 200, statusText: OK, headers: Object, body: {"code":0,"data":[{"name":"每日数据质量巡检","status":"run…ogress":0,"nextRun":"今日 04:00","duration":"等待"}]}} @ http://localhost:5173/node_modules/.vite/deps/msw.js?v=5a1fff0e:563
[  742093ms] [LOG] Request {url: URL, method: GET, headers: Object, body: } @ http://localhost:5173/node_modules/.vite/deps/msw.js?v=5a1fff0e:561
[  742093ms] [LOG] Handler: HttpHandler @ http://localhost:5173/node_modules/.vite/deps/msw.js?v=5a1fff0e:562
[  742093ms] [LOG] Response {status: 200, statusText: OK, headers: Object, body: {"code":0,"data":[{"id":"folder-1","name":"数据清洗","…:"default"},"updateTime":"2026-04-19 10:05:00"}]}} @ http://localhost:5173/node_modules/.vite/deps/msw.js?v=5a1fff0e:563
[  742093ms] [LOG] Request {url: URL, method: GET, headers: Object, body: } @ http://localhost:5173/node_modules/.vite/deps/msw.js?v=5a1fff0e:561
[  742093ms] [LOG] Handler: HttpHandler @ http://localhost:5173/node_modules/.vite/deps/msw.js?v=5a1fff0e:562
[  742093ms] [LOG] Response {status: 200, statusText: OK, headers: Object, body: {"code":0,"data":[{"id":"ds-001","name":"prod_orde…iption":"商品搜索与日志检索聚合集群","tags":["全文检索","倒排索引"]}]}} @ http://localhost:5173/node_modules/.vite/deps/msw.js?v=5a1fff0e:563
[  742093ms] [LOG] Request {url: URL, method: GET, headers: Object, body: } @ http://localhost:5173/node_modules/.vite/deps/msw.js?v=5a1fff0e:561
[  742093ms] [LOG] Handler: HttpHandler @ http://localhost:5173/node_modules/.vite/deps/msw.js?v=5a1fff0e:562
[  742093ms] [LOG] Response {status: 200, statusText: OK, headers: Object, body: {"code":0,"data":[{"id":"folder-1","name":"数据清洗","…:"default"},"updateTime":"2026-04-19 10:05:00"}]}} @ http://localhost:5173/node_modules/.vite/deps/msw.js?v=5a1fff0e:563
[  742093ms] [LOG] Request {url: URL, method: GET, headers: Object, body: } @ http://localhost:5173/node_modules/.vite/deps/msw.js?v=5a1fff0e:561
[  742094ms] [LOG] Handler: HttpHandler @ http://localhost:5173/node_modules/.vite/deps/msw.js?v=5a1fff0e:562
[  742094ms] [LOG] Response {status: 200, statusText: OK, headers: Object, body: {"code":0,"data":[{"id":"ds-001","name":"prod_orde…iption":"商品搜索与日志检索聚合集群","tags":["全文检索","倒排索引"]}]}} @ http://localhost:5173/node_modules/.vite/deps/msw.js?v=5a1fff0e:563
