[     640ms] [INFO] %cDownload the React DevTools for a better development experience: https://react.dev/link/react-devtools font-weight:bold @ http://localhost:5173/node_modules/.vite/deps/react-dom_client.js?v=2c9354ff:20102
[     685ms] [ERROR] Failed to load resource: the server responded with a status of 404 (Not Found) @ http://localhost:5173/favicon.ico:0
[     746ms] [LOG] %cDocumentation: %chttps://mswjs.io/docs font-weight:bold font-weight:normal @ http://localhost:5173/node_modules/.vite/deps/msw_browser.js?v=2c9354ff:3428
[     746ms] [LOG] Found an issue? https://github.com/mswjs/msw/issues @ http://localhost:5173/node_modules/.vite/deps/msw_browser.js?v=2c9354ff:3433
[     746ms] [LOG] Worker script URL: http://localhost:5173/mockServiceWorker.js @ http://localhost:5173/node_modules/.vite/deps/msw_browser.js?v=2c9354ff:3434
[     746ms] [LOG] Worker scope: http://localhost:5173/ @ http://localhost:5173/node_modules/.vite/deps/msw_browser.js?v=2c9354ff:3435
[     746ms] [LOG] Client ID: %s (%s) 94e173bb-f162-484f-94b8-ad414f5547f5 top-level @ http://localhost:5173/node_modules/.vite/deps/msw_browser.js?v=2c9354ff:3437
[     746ms] [LOG] [MSW] Mocking enabled successfully @ http://localhost:5173/src/main.tsx:12
[     869ms] [VERBOSE] [DOM] Input elements should have autocomplete attributes (suggested: "current-password"): (More info: https://goo.gl/9p2vKq) %o @ http://localhost:5173/:0
[   33402ms] [LOG] Request {url: URL, method: GET, headers: Object, body: } @ http://localhost:5173/node_modules/.vite/deps/msw.js?v=2c9354ff:561
[   33402ms] [LOG] Handler: HttpHandler @ http://localhost:5173/node_modules/.vite/deps/msw.js?v=2c9354ff:562
[   33402ms] [LOG] Response {status: 200, statusText: OK, headers: Object, body: {"code":0,"data":[{"label":"数据表总数","value":"12,847…减少 5 项","color":"from-amber-500 to-orange-500"}]}} @ http://localhost:5173/node_modules/.vite/deps/msw.js?v=2c9354ff:563
[   33402ms] [LOG] Request {url: URL, method: GET, headers: Object, body: } @ http://localhost:5173/node_modules/.vite/deps/msw.js?v=2c9354ff:561
[   33402ms] [LOG] Handler: HttpHandler @ http://localhost:5173/node_modules/.vite/deps/msw.js?v=2c9354ff:562
[   33402ms] [LOG] Response {status: 200, statusText: OK, headers: Object, body: {"code":0,"data":[{"name":"dwd_user_behavior_log",…ds","owner":"张三","updated":"5 小时","quality":96}]}} @ http://localhost:5173/node_modules/.vite/deps/msw.js?v=2c9354ff:563
[   33403ms] [LOG] Request {url: URL, method: GET, headers: Object, body: } @ http://localhost:5173/node_modules/.vite/deps/msw.js?v=2c9354ff:561
[   33403ms] [LOG] Handler: HttpHandler @ http://localhost:5173/node_modules/.vite/deps/msw.js?v=2c9354ff:562
[   33403ms] [LOG] Response {status: 200, statusText: OK, headers: Object, body: {"code":0,"data":[{"month":"7 ","score":86.2,"tabl…":"1 ","score":94.6,"tables":12847,"alerts":12}]}} @ http://localhost:5173/node_modules/.vite/deps/msw.js?v=2c9354ff:563
[   33404ms] [LOG] Request {url: URL, method: GET, headers: Object, body: } @ http://localhost:5173/node_modules/.vite/deps/msw.js?v=2c9354ff:561
[   33404ms] [LOG] Handler: HttpHandler @ http://localhost:5173/node_modules/.vite/deps/msw.js?v=2c9354ff:562
[   33404ms] [LOG] Response {status: 200, statusText: OK, headers: Object, body: {"code":0,"data":[{"name":"每日数据质量巡检","status":"run…ogress":0,"nextRun":"今日 04:00","duration":"等待"}]}} @ http://localhost:5173/node_modules/.vite/deps/msw.js?v=2c9354ff:563
[   33404ms] [LOG] Request {url: URL, method: GET, headers: Object, body: } @ http://localhost:5173/node_modules/.vite/deps/msw.js?v=2c9354ff:561
[   33404ms] [LOG] Handler: HttpHandler @ http://localhost:5173/node_modules/.vite/deps/msw.js?v=2c9354ff:562
[   33404ms] [LOG] Response {status: 200, statusText: OK, headers: Object, body: {"code":0,"data":[{"label":"数据表总数","value":"12,847…减少 5 项","color":"from-amber-500 to-orange-500"}]}} @ http://localhost:5173/node_modules/.vite/deps/msw.js?v=2c9354ff:563
[   33404ms] [LOG] Request {url: URL, method: GET, headers: Object, body: } @ http://localhost:5173/node_modules/.vite/deps/msw.js?v=2c9354ff:561
[   33404ms] [LOG] Handler: HttpHandler @ http://localhost:5173/node_modules/.vite/deps/msw.js?v=2c9354ff:562
[   33404ms] [LOG] Response {status: 200, statusText: OK, headers: Object, body: {"code":0,"data":[{"name":"dwd_user_behavior_log",…ds","owner":"张三","updated":"5 小时","quality":96}]}} @ http://localhost:5173/node_modules/.vite/deps/msw.js?v=2c9354ff:563
[   33404ms] [LOG] Request {url: URL, method: GET, headers: Object, body: } @ http://localhost:5173/node_modules/.vite/deps/msw.js?v=2c9354ff:561
[   33404ms] [LOG] Handler: HttpHandler @ http://localhost:5173/node_modules/.vite/deps/msw.js?v=2c9354ff:562
[   33404ms] [LOG] Response {status: 200, statusText: OK, headers: Object, body: {"code":0,"data":[{"month":"7 ","score":86.2,"tabl…":"1 ","score":94.6,"tables":12847,"alerts":12}]}} @ http://localhost:5173/node_modules/.vite/deps/msw.js?v=2c9354ff:563
[   33405ms] [LOG] Request {url: URL, method: GET, headers: Object, body: } @ http://localhost:5173/node_modules/.vite/deps/msw.js?v=2c9354ff:561
[   33405ms] [LOG] Handler: HttpHandler @ http://localhost:5173/node_modules/.vite/deps/msw.js?v=2c9354ff:562
[   33405ms] [LOG] Response {status: 200, statusText: OK, headers: Object, body: {"code":0,"data":[{"name":"每日数据质量巡检","status":"run…ogress":0,"nextRun":"今日 04:00","duration":"等待"}]}} @ http://localhost:5173/node_modules/.vite/deps/msw.js?v=2c9354ff:563
[   75715ms] [LOG] Request {url: URL, method: GET, headers: Object, body: } @ http://localhost:5173/node_modules/.vite/deps/msw.js?v=2c9354ff:561
[   75715ms] [LOG] Handler: HttpHandler @ http://localhost:5173/node_modules/.vite/deps/msw.js?v=2c9354ff:562
[   75715ms] [LOG] Response {status: 200, statusText: OK, headers: Object, body: {"code":0,"data":[{"id":"folder-1","name":"数据清洗","…:"default"},"updateTime":"2026-04-19 10:05:00"}]}} @ http://localhost:5173/node_modules/.vite/deps/msw.js?v=2c9354ff:563
[   75715ms] [LOG] Request {url: URL, method: GET, headers: Object, body: } @ http://localhost:5173/node_modules/.vite/deps/msw.js?v=2c9354ff:561
[   75715ms] [LOG] Handler: HttpHandler @ http://localhost:5173/node_modules/.vite/deps/msw.js?v=2c9354ff:562
[   75715ms] [LOG] Response {status: 200, statusText: OK, headers: Object, body: {"code":0,"data":[{"id":"ds-001","name":"prod_orde…iption":"商品搜索与日志检索聚合集群","tags":["全文检索","倒排索引"]}]}} @ http://localhost:5173/node_modules/.vite/deps/msw.js?v=2c9354ff:563
[   75715ms] [LOG] Request {url: URL, method: GET, headers: Object, body: } @ http://localhost:5173/node_modules/.vite/deps/msw.js?v=2c9354ff:561
[   75715ms] [LOG] Handler: HttpHandler @ http://localhost:5173/node_modules/.vite/deps/msw.js?v=2c9354ff:562
[   75715ms] [LOG] Response {status: 200, statusText: OK, headers: Object, body: {"code":0,"data":[{"id":"folder-1","name":"数据清洗","…:"default"},"updateTime":"2026-04-19 10:05:00"}]}} @ http://localhost:5173/node_modules/.vite/deps/msw.js?v=2c9354ff:563
[   75715ms] [LOG] Request {url: URL, method: GET, headers: Object, body: } @ http://localhost:5173/node_modules/.vite/deps/msw.js?v=2c9354ff:561
[   75715ms] [LOG] Handler: HttpHandler @ http://localhost:5173/node_modules/.vite/deps/msw.js?v=2c9354ff:562
[   75715ms] [LOG] Response {status: 200, statusText: OK, headers: Object, body: {"code":0,"data":[{"id":"ds-001","name":"prod_orde…iption":"商品搜索与日志检索聚合集群","tags":["全文检索","倒排索引"]}]}} @ http://localhost:5173/node_modules/.vite/deps/msw.js?v=2c9354ff:563
[  270823ms] [LOG] Request {url: URL, method: POST, headers: Object, body: {"name":"新建MySQL脚本","type":"sql","content":"","dataSourceConfig":{}}} @ http://localhost:5173/node_modules/.vite/deps/msw.js?v=2c9354ff:561
[  270824ms] [LOG] Handler: HttpHandler @ http://localhost:5173/node_modules/.vite/deps/msw.js?v=2c9354ff:562
[  270824ms] [LOG] Response {status: 200, statusText: OK, headers: Object, body: {"code":0,"data":{"name":"新建MySQL脚本","type":"sql",…sion":1,"updateTime":"2026-05-09T10:19:15.192Z"}}} @ http://localhost:5173/node_modules/.vite/deps/msw.js?v=2c9354ff:563
[  270828ms] [LOG] Request {url: URL, method: GET, headers: Object, body: } @ http://localhost:5173/node_modules/.vite/deps/msw.js?v=2c9354ff:561
[  270828ms] [LOG] Handler: HttpHandler @ http://localhost:5173/node_modules/.vite/deps/msw.js?v=2c9354ff:562
[  270828ms] [LOG] Response {status: 200, statusText: OK, headers: Object, body: {"code":0,"data":[{"id":"folder-1","name":"数据清洗","…ion":1,"updateTime":"2026-05-09T10:19:15.192Z"}]}} @ http://localhost:5173/node_modules/.vite/deps/msw.js?v=2c9354ff:563
[ 6289410ms] [LOG] [vite] server connection lost. Polling for restart... @ http://localhost:5173/@vite/client:864
