[     670ms] [INFO] %cDownload the React DevTools for a better development experience: https://react.dev/link/react-devtools font-weight:bold @ http://localhost:5173/node_modules/.vite/deps/react-dom_client.js?v=def8fafc:20102
[     718ms] [ERROR] Failed to load resource: the server responded with a status of 404 (Not Found) @ http://localhost:5173/favicon.ico:0
[     777ms] [LOG] %cDocumentation: %chttps://mswjs.io/docs font-weight:bold font-weight:normal @ http://localhost:5173/node_modules/.vite/deps/msw_browser.js?v=ac71558b:3428
[     777ms] [LOG] Found an issue? https://github.com/mswjs/msw/issues @ http://localhost:5173/node_modules/.vite/deps/msw_browser.js?v=ac71558b:3433
[     777ms] [LOG] Worker script URL: http://localhost:5173/mockServiceWorker.js @ http://localhost:5173/node_modules/.vite/deps/msw_browser.js?v=ac71558b:3434
[     777ms] [LOG] Worker scope: http://localhost:5173/ @ http://localhost:5173/node_modules/.vite/deps/msw_browser.js?v=ac71558b:3435
[     777ms] [LOG] Client ID: %s (%s) acada46f-75b4-4344-9f22-b96fe19c034e top-level @ http://localhost:5173/node_modules/.vite/deps/msw_browser.js?v=ac71558b:3437
[     777ms] [LOG] [MSW] Mocking enabled successfully @ http://localhost:5173/src/main.tsx:12
[     909ms] [VERBOSE] [DOM] Input elements should have autocomplete attributes (suggested: "current-password"): (More info: https://goo.gl/9p2vKq) %o @ http://localhost:5173/:0
[   83734ms] [LOG] Request {url: URL, method: GET, headers: Object, body: } @ http://localhost:5173/node_modules/.vite/deps/msw.js?v=5a1fff0e:561
[   83734ms] [LOG] Handler: HttpHandler @ http://localhost:5173/node_modules/.vite/deps/msw.js?v=5a1fff0e:562
[   83734ms] [LOG] Response {status: 200, statusText: OK, headers: Object, body: {"code":0,"data":[{"label":"数据表总数","value":"12,847…减少 5 项","color":"from-amber-500 to-orange-500"}]}} @ http://localhost:5173/node_modules/.vite/deps/msw.js?v=5a1fff0e:563
[   83734ms] [LOG] Request {url: URL, method: GET, headers: Object, body: } @ http://localhost:5173/node_modules/.vite/deps/msw.js?v=5a1fff0e:561
[   83734ms] [LOG] Handler: HttpHandler @ http://localhost:5173/node_modules/.vite/deps/msw.js?v=5a1fff0e:562
[   83734ms] [LOG] Response {status: 200, statusText: OK, headers: Object, body: {"code":0,"data":[{"name":"dwd_user_behavior_log",…ds","owner":"张三","updated":"5 小时","quality":96}]}} @ http://localhost:5173/node_modules/.vite/deps/msw.js?v=5a1fff0e:563
[   83734ms] [LOG] Request {url: URL, method: GET, headers: Object, body: } @ http://localhost:5173/node_modules/.vite/deps/msw.js?v=5a1fff0e:561
[   83734ms] [LOG] Handler: HttpHandler @ http://localhost:5173/node_modules/.vite/deps/msw.js?v=5a1fff0e:562
[   83734ms] [LOG] Response {status: 200, statusText: OK, headers: Object, body: {"code":0,"data":[{"month":"7 ","score":86.2,"tabl…":"1 ","score":94.6,"tables":12847,"alerts":12}]}} @ http://localhost:5173/node_modules/.vite/deps/msw.js?v=5a1fff0e:563
[   83734ms] [LOG] Request {url: URL, method: GET, headers: Object, body: } @ http://localhost:5173/node_modules/.vite/deps/msw.js?v=5a1fff0e:561
[   83734ms] [LOG] Handler: HttpHandler @ http://localhost:5173/node_modules/.vite/deps/msw.js?v=5a1fff0e:562
[   83734ms] [LOG] Response {status: 200, statusText: OK, headers: Object, body: {"code":0,"data":[{"name":"每日数据质量巡检","status":"run…ogress":0,"nextRun":"今日 04:00","duration":"等待"}]}} @ http://localhost:5173/node_modules/.vite/deps/msw.js?v=5a1fff0e:563
[   83734ms] [LOG] Request {url: URL, method: GET, headers: Object, body: } @ http://localhost:5173/node_modules/.vite/deps/msw.js?v=5a1fff0e:561
[   83734ms] [LOG] Handler: HttpHandler @ http://localhost:5173/node_modules/.vite/deps/msw.js?v=5a1fff0e:562
[   83734ms] [LOG] Response {status: 200, statusText: OK, headers: Object, body: {"code":0,"data":[{"label":"数据表总数","value":"12,847…减少 5 项","color":"from-amber-500 to-orange-500"}]}} @ http://localhost:5173/node_modules/.vite/deps/msw.js?v=5a1fff0e:563
[   83735ms] [LOG] Request {url: URL, method: GET, headers: Object, body: } @ http://localhost:5173/node_modules/.vite/deps/msw.js?v=5a1fff0e:561
[   83735ms] [LOG] Handler: HttpHandler @ http://localhost:5173/node_modules/.vite/deps/msw.js?v=5a1fff0e:562
[   83735ms] [LOG] Response {status: 200, statusText: OK, headers: Object, body: {"code":0,"data":[{"name":"dwd_user_behavior_log",…ds","owner":"张三","updated":"5 小时","quality":96}]}} @ http://localhost:5173/node_modules/.vite/deps/msw.js?v=5a1fff0e:563
[   83735ms] [LOG] Request {url: URL, method: GET, headers: Object, body: } @ http://localhost:5173/node_modules/.vite/deps/msw.js?v=5a1fff0e:561
[   83735ms] [LOG] Handler: HttpHandler @ http://localhost:5173/node_modules/.vite/deps/msw.js?v=5a1fff0e:562
[   83735ms] [LOG] Response {status: 200, statusText: OK, headers: Object, body: {"code":0,"data":[{"month":"7 ","score":86.2,"tabl…":"1 ","score":94.6,"tables":12847,"alerts":12}]}} @ http://localhost:5173/node_modules/.vite/deps/msw.js?v=5a1fff0e:563
[   83735ms] [LOG] Request {url: URL, method: GET, headers: Object, body: } @ http://localhost:5173/node_modules/.vite/deps/msw.js?v=5a1fff0e:561
[   83735ms] [LOG] Handler: HttpHandler @ http://localhost:5173/node_modules/.vite/deps/msw.js?v=5a1fff0e:562
[   83735ms] [LOG] Response {status: 200, statusText: OK, headers: Object, body: {"code":0,"data":[{"name":"每日数据质量巡检","status":"run…ogress":0,"nextRun":"今日 04:00","duration":"等待"}]}} @ http://localhost:5173/node_modules/.vite/deps/msw.js?v=5a1fff0e:563
[  121501ms] [LOG] Request {url: URL, method: GET, headers: Object, body: } @ http://localhost:5173/node_modules/.vite/deps/msw.js?v=5a1fff0e:561
[  121501ms] [LOG] Handler: HttpHandler @ http://localhost:5173/node_modules/.vite/deps/msw.js?v=5a1fff0e:562
[  121501ms] [LOG] Response {status: 200, statusText: OK, headers: Object, body: {"code":0,"data":[{"id":"folder-1","name":"数据清洗","…:"default"},"updateTime":"2026-04-19 10:05:00"}]}} @ http://localhost:5173/node_modules/.vite/deps/msw.js?v=5a1fff0e:563
[  121501ms] [LOG] Request {url: URL, method: GET, headers: Object, body: } @ http://localhost:5173/node_modules/.vite/deps/msw.js?v=5a1fff0e:561
[  121501ms] [LOG] Handler: HttpHandler @ http://localhost:5173/node_modules/.vite/deps/msw.js?v=5a1fff0e:562
[  121501ms] [LOG] Response {status: 200, statusText: OK, headers: Object, body: {"code":0,"data":[{"id":"ds-001","name":"prod_orde…iption":"商品搜索与日志检索聚合集群","tags":["全文检索","倒排索引"]}]}} @ http://localhost:5173/node_modules/.vite/deps/msw.js?v=5a1fff0e:563
[  121501ms] [LOG] Request {url: URL, method: GET, headers: Object, body: } @ http://localhost:5173/node_modules/.vite/deps/msw.js?v=5a1fff0e:561
[  121501ms] [LOG] Handler: HttpHandler @ http://localhost:5173/node_modules/.vite/deps/msw.js?v=5a1fff0e:562
[  121501ms] [LOG] Response {status: 200, statusText: OK, headers: Object, body: {"code":0,"data":[{"id":"folder-1","name":"数据清洗","…:"default"},"updateTime":"2026-04-19 10:05:00"}]}} @ http://localhost:5173/node_modules/.vite/deps/msw.js?v=5a1fff0e:563
[  121501ms] [LOG] Request {url: URL, method: GET, headers: Object, body: } @ http://localhost:5173/node_modules/.vite/deps/msw.js?v=5a1fff0e:561
[  121501ms] [LOG] Handler: HttpHandler @ http://localhost:5173/node_modules/.vite/deps/msw.js?v=5a1fff0e:562
[  121501ms] [LOG] Response {status: 200, statusText: OK, headers: Object, body: {"code":0,"data":[{"id":"ds-001","name":"prod_orde…iption":"商品搜索与日志检索聚合集群","tags":["全文检索","倒排索引"]}]}} @ http://localhost:5173/node_modules/.vite/deps/msw.js?v=5a1fff0e:563
[  224452ms] [LOG] [vite] server connection lost. Polling for restart... @ http://localhost:5173/@vite/client:864
[  244250ms] [INFO] %cDownload the React DevTools for a better development experience: https://react.dev/link/react-devtools font-weight:bold @ http://localhost:5173/node_modules/.vite/deps/react-dom_client.js?v=2c9354ff:20102
[  244394ms] [LOG] %cDocumentation: %chttps://mswjs.io/docs font-weight:bold font-weight:normal @ http://localhost:5173/node_modules/.vite/deps/msw_browser.js?v=2c9354ff:3428
[  244394ms] [LOG] Found an issue? https://github.com/mswjs/msw/issues @ http://localhost:5173/node_modules/.vite/deps/msw_browser.js?v=2c9354ff:3433
[  244394ms] [LOG] Worker script URL: http://localhost:5173/mockServiceWorker.js @ http://localhost:5173/node_modules/.vite/deps/msw_browser.js?v=2c9354ff:3434
[  244394ms] [LOG] Worker scope: http://localhost:5173/ @ http://localhost:5173/node_modules/.vite/deps/msw_browser.js?v=2c9354ff:3435
[  244394ms] [LOG] Client ID: %s (%s) 20951833-8592-4581-b2c2-5a38db045a5e top-level @ http://localhost:5173/node_modules/.vite/deps/msw_browser.js?v=2c9354ff:3437
[  244394ms] [LOG] [MSW] Mocking enabled successfully @ http://localhost:5173/src/main.tsx:12
[  244517ms] [VERBOSE] [DOM] Input elements should have autocomplete attributes (suggested: "current-password"): (More info: https://goo.gl/9p2vKq) %o @ http://localhost:5173/:0
